<?xml version="1.0" encoding="UTF-8"?>
<testsuite xmlns:xsi="http://www.w3.org/2001/XMLSchema-instance" xsi:noNamespaceSchemaLocation="https://maven.apache.org/surefire/maven-surefire-plugin/xsd/surefire-test-report.xsd" name="facades.FacadeExampleTest" time="4.485" tests="3" errors="0" skipped="0" failures="0">
  <properties>
    <property name="sun.desktop" value="windows"/>
    <property name="awt.toolkit" value="sun.awt.windows.WToolkit"/>
    <property name="java.specification.version" value="11"/>
    <property name="sun.cpu.isalist" value="amd64"/>
    <property name="sun.jnu.encoding" value="Cp1252"/>
    <property name="java.class.path" value="C:\Users\Aske\Desktop\3SEMDAT\week1-simple-jpa-rest-master\target\test-classes;C:\Users\Aske\Desktop\3SEMDAT\week1-simple-jpa-rest-master\target\classes;C:\Users\Aske\.m2\repository\org\eclipse\persistence\org.eclipse.persistence.core\2.5.2\org.eclipse.persistence.core-2.5.2.jar;C:\Users\Aske\.m2\repository\org\eclipse\persistence\org.eclipse.persistence.asm\2.5.2\org.eclipse.persistence.asm-2.5.2.jar;C:\Users\Aske\.m2\repository\org\eclipse\persistence\org.eclipse.persistence.antlr\2.5.2\org.eclipse.persistence.antlr-2.5.2.jar;C:\Users\Aske\.m2\repository\org\eclipse\persistence\org.eclipse.persistence.jpa\2.5.2\org.eclipse.persistence.jpa-2.5.2.jar;C:\Users\Aske\.m2\repository\org\eclipse\persistence\org.eclipse.persistence.jpa.jpql\2.5.2\org.eclipse.persistence.jpa.jpql-2.5.2.jar;C:\Users\Aske\.m2\repository\org\eclipse\persistence\javax.persistence\2.1.0\javax.persistence-2.1.0.jar;C:\Users\Aske\.m2\repository\org\eclipse\persistence\org.eclipse.persistence.jpa.modelgen.processor\2.5.2\org.eclipse.persistence.jpa.modelgen.processor-2.5.2.jar;C:\Users\Aske\.m2\repository\mysql\mysql-connector-java\8.0.17\mysql-connector-java-8.0.17.jar;C:\Users\Aske\.m2\repository\com\google\protobuf\protobuf-java\3.6.1\protobuf-java-3.6.1.jar;C:\Users\Aske\.m2\repository\org\glassfish\jersey\bundles\jaxrs-ri\2.29\jaxrs-ri-2.29.jar;C:\Users\Aske\.m2\repository\org\glassfish\jersey\inject\jersey-hk2\2.29\jersey-hk2-2.29.jar;C:\Users\Aske\.m2\repository\org\glassfish\hk2\hk2-locator\2.5.0\hk2-locator-2.5.0.jar;C:\Users\Aske\.m2\repository\org\glassfish\hk2\external\aopalliance-repackaged\2.5.0\aopalliance-repackaged-2.5.0.jar;C:\Users\Aske\.m2\repository\org\glassfish\hk2\hk2-api\2.5.0\hk2-api-2.5.0.jar;C:\Users\Aske\.m2\repository\org\glassfish\hk2\hk2-utils\2.5.0\hk2-utils-2.5.0.jar;C:\Users\Aske\.m2\repository\org\javassist\javassist\3.22.0-CR2\javassist-3.22.0-CR2.jar;C:\Users\Aske\.m2\repository\org\glassfish\jersey\core\jersey-common\2.29\jersey-common-2.29.jar;C:\Users\Aske\.m2\repository\jakarta\ws\rs\jakarta.ws.rs-api\2.1.5\jakarta.ws.rs-api-2.1.5.jar;C:\Users\Aske\.m2\repository\jakarta\annotation\jakarta.annotation-api\1.3.4\jakarta.annotation-api-1.3.4.jar;C:\Users\Aske\.m2\repository\org\glassfish\hk2\external\jakarta.inject\2.5.0\jakarta.inject-2.5.0.jar;C:\Users\Aske\.m2\repository\org\glassfish\hk2\osgi-resource-locator\1.0.3\osgi-resource-locator-1.0.3.jar;C:\Users\Aske\.m2\repository\com\sun\activation\jakarta.activation\1.2.1\jakarta.activation-1.2.1.jar;C:\Users\Aske\.m2\repository\org\glassfish\jersey\media\jersey-media-jaxb\2.29\jersey-media-jaxb-2.29.jar;C:\Users\Aske\.m2\repository\org\glassfish\jersey\media\jersey-media-json-binding\2.29\jersey-media-json-binding-2.29.jar;C:\Users\Aske\.m2\repository\org\glassfish\jakarta.json\1.1.5\jakarta.json-1.1.5.jar;C:\Users\Aske\.m2\repository\org\eclipse\yasson\1.0.3\yasson-1.0.3.jar;C:\Users\Aske\.m2\repository\jakarta\json\bind\jakarta.json.bind-api\1.0.1\jakarta.json.bind-api-1.0.1.jar;C:\Users\Aske\.m2\repository\jakarta\json\jakarta.json-api\1.1.5\jakarta.json-api-1.1.5.jar;C:\Users\Aske\.m2\repository\org\glassfish\jersey\core\jersey-client\2.29\jersey-client-2.29.jar;C:\Users\Aske\.m2\repository\org\glassfish\jersey\core\jersey-server\2.29\jersey-server-2.29.jar;C:\Users\Aske\.m2\repository\javax\validation\validation-api\2.0.1.Final\validation-api-2.0.1.Final.jar;C:\Users\Aske\.m2\repository\org\glassfish\jersey\containers\jersey-container-servlet-core\2.29\jersey-container-servlet-core-2.29.jar;C:\Users\Aske\.m2\repository\org\glassfish\jersey\containers\jersey-container-servlet\2.29\jersey-container-servlet-2.29.jar;C:\Users\Aske\.m2\repository\org\glassfish\jersey\media\jersey-media-sse\2.29\jersey-media-sse-2.29.jar;C:\Users\Aske\.m2\repository\jakarta\xml\bind\jakarta.xml.bind-api\2.3.2\jakarta.xml.bind-api-2.3.2.jar;C:\Users\Aske\.m2\repository\jakarta\activation\jakarta.activation-api\1.2.1\jakarta.activation-api-1.2.1.jar;C:\Users\Aske\.m2\repository\org\junit\jupiter\junit-jupiter-api\5.3.1\junit-jupiter-api-5.3.1.jar;C:\Users\Aske\.m2\repository\org\apiguardian\apiguardian-api\1.0.0\apiguardian-api-1.0.0.jar;C:\Users\Aske\.m2\repository\org\opentest4j\opentest4j\1.1.1\opentest4j-1.1.1.jar;C:\Users\Aske\.m2\repository\org\junit\platform\junit-platform-commons\1.3.1\junit-platform-commons-1.3.1.jar;C:\Users\Aske\.m2\repository\org\junit\jupiter\junit-jupiter-params\5.3.1\junit-jupiter-params-5.3.1.jar;C:\Users\Aske\.m2\repository\org\junit\jupiter\junit-jupiter-engine\5.3.1\junit-jupiter-engine-5.3.1.jar;C:\Users\Aske\.m2\repository\org\junit\platform\junit-platform-engine\1.3.1\junit-platform-engine-1.3.1.jar;C:\Users\Aske\.m2\repository\javax\javaee-web-api\7.0\javaee-web-api-7.0.jar;C:\Users\Aske\.m2\repository\com\google\code\gson\gson\2.8.5\gson-2.8.5.jar;"/>
    <property name="java.vm.vendor" value="Oracle Corporation"/>
    <property name="sun.arch.data.model" value="64"/>
    <property name="user.variant" value=""/>
    <property name="java.vendor.url" value="http://java.oracle.com/"/>
    <property name="user.timezone" value=""/>
    <property name="java.vm.specification.version" value="11"/>
    <property name="os.name" value="Windows 10"/>
    <property name="user.country" value="DK"/>
    <property name="sun.java.launcher" value="SUN_STANDARD"/>
    <property name="sun.boot.library.path" value="C:\Program Files\Java\jdk-11.0.4\bin"/>
    <property name="sun.java.command" value="C:\Users\Aske\AppData\Local\Temp\surefire13876698372099832876\surefirebooter6132094854593713041.jar C:\Users\Aske\AppData\Local\Temp\surefire13876698372099832876 2020-01-31T10-52-00_541-jvmRun1 surefire16803054360774353995tmp surefire_09530881871684730889tmp"/>
    <property name="jdk.debug" value="release"/>
    <property name="surefire.test.class.path" value="C:\Users\Aske\Desktop\3SEMDAT\week1-simple-jpa-rest-master\target\test-classes;C:\Users\Aske\Desktop\3SEMDAT\week1-simple-jpa-rest-master\target\classes;C:\Users\Aske\.m2\repository\org\eclipse\persistence\org.eclipse.persistence.core\2.5.2\org.eclipse.persistence.core-2.5.2.jar;C:\Users\Aske\.m2\repository\org\eclipse\persistence\org.eclipse.persistence.asm\2.5.2\org.eclipse.persistence.asm-2.5.2.jar;C:\Users\Aske\.m2\repository\org\eclipse\persistence\org.eclipse.persistence.antlr\2.5.2\org.eclipse.persistence.antlr-2.5.2.jar;C:\Users\Aske\.m2\repository\org\eclipse\persistence\org.eclipse.persistence.jpa\2.5.2\org.eclipse.persistence.jpa-2.5.2.jar;C:\Users\Aske\.m2\repository\org\eclipse\persistence\org.eclipse.persistence.jpa.jpql\2.5.2\org.eclipse.persistence.jpa.jpql-2.5.2.jar;C:\Users\Aske\.m2\repository\org\eclipse\persistence\javax.persistence\2.1.0\javax.persistence-2.1.0.jar;C:\Users\Aske\.m2\repository\org\eclipse\persistence\org.eclipse.persistence.jpa.modelgen.processor\2.5.2\org.eclipse.persistence.jpa.modelgen.processor-2.5.2.jar;C:\Users\Aske\.m2\repository\mysql\mysql-connector-java\8.0.17\mysql-connector-java-8.0.17.jar;C:\Users\Aske\.m2\repository\com\google\protobuf\protobuf-java\3.6.1\protobuf-java-3.6.1.jar;C:\Users\Aske\.m2\repository\org\glassfish\jersey\bundles\jaxrs-ri\2.29\jaxrs-ri-2.29.jar;C:\Users\Aske\.m2\repository\org\glassfish\jersey\inject\jersey-hk2\2.29\jersey-hk2-2.29.jar;C:\Users\Aske\.m2\repository\org\glassfish\hk2\hk2-locator\2.5.0\hk2-locator-2.5.0.jar;C:\Users\Aske\.m2\repository\org\glassfish\hk2\external\aopalliance-repackaged\2.5.0\aopalliance-repackaged-2.5.0.jar;C:\Users\Aske\.m2\repository\org\glassfish\hk2\hk2-api\2.5.0\hk2-api-2.5.0.jar;C:\Users\Aske\.m2\repository\org\glassfish\hk2\hk2-utils\2.5.0\hk2-utils-2.5.0.jar;C:\Users\Aske\.m2\repository\org\javassist\javassist\3.22.0-CR2\javassist-3.22.0-CR2.jar;C:\Users\Aske\.m2\repository\org\glassfish\jersey\core\jersey-common\2.29\jersey-common-2.29.jar;C:\Users\Aske\.m2\repository\jakarta\ws\rs\jakarta.ws.rs-api\2.1.5\jakarta.ws.rs-api-2.1.5.jar;C:\Users\Aske\.m2\repository\jakarta\annotation\jakarta.annotation-api\1.3.4\jakarta.annotation-api-1.3.4.jar;C:\Users\Aske\.m2\repository\org\glassfish\hk2\external\jakarta.inject\2.5.0\jakarta.inject-2.5.0.jar;C:\Users\Aske\.m2\repository\org\glassfish\hk2\osgi-resource-locator\1.0.3\osgi-resource-locator-1.0.3.jar;C:\Users\Aske\.m2\repository\com\sun\activation\jakarta.activation\1.2.1\jakarta.activation-1.2.1.jar;C:\Users\Aske\.m2\repository\org\glassfish\jersey\media\jersey-media-jaxb\2.29\jersey-media-jaxb-2.29.jar;C:\Users\Aske\.m2\repository\org\glassfish\jersey\media\jersey-media-json-binding\2.29\jersey-media-json-binding-2.29.jar;C:\Users\Aske\.m2\repository\org\glassfish\jakarta.json\1.1.5\jakarta.json-1.1.5.jar;C:\Users\Aske\.m2\repository\org\eclipse\yasson\1.0.3\yasson-1.0.3.jar;C:\Users\Aske\.m2\repository\jakarta\json\bind\jakarta.json.bind-api\1.0.1\jakarta.json.bind-api-1.0.1.jar;C:\Users\Aske\.m2\repository\jakarta\json\jakarta.json-api\1.1.5\jakarta.json-api-1.1.5.jar;C:\Users\Aske\.m2\repository\org\glassfish\jersey\core\jersey-client\2.29\jersey-client-2.29.jar;C:\Users\Aske\.m2\repository\org\glassfish\jersey\core\jersey-server\2.29\jersey-server-2.29.jar;C:\Users\Aske\.m2\repository\javax\validation\validation-api\2.0.1.Final\validation-api-2.0.1.Final.jar;C:\Users\Aske\.m2\repository\org\glassfish\jersey\containers\jersey-container-servlet-core\2.29\jersey-container-servlet-core-2.29.jar;C:\Users\Aske\.m2\repository\org\glassfish\jersey\containers\jersey-container-servlet\2.29\jersey-container-servlet-2.29.jar;C:\Users\Aske\.m2\repository\org\glassfish\jersey\media\jersey-media-sse\2.29\jersey-media-sse-2.29.jar;C:\Users\Aske\.m2\repository\jakarta\xml\bind\jakarta.xml.bind-api\2.3.2\jakarta.xml.bind-api-2.3.2.jar;C:\Users\Aske\.m2\repository\jakarta\activation\jakarta.activation-api\1.2.1\jakarta.activation-api-1.2.1.jar;C:\Users\Aske\.m2\repository\org\junit\jupiter\junit-jupiter-api\5.3.1\junit-jupiter-api-5.3.1.jar;C:\Users\Aske\.m2\repository\org\apiguardian\apiguardian-api\1.0.0\apiguardian-api-1.0.0.jar;C:\Users\Aske\.m2\repository\org\opentest4j\opentest4j\1.1.1\opentest4j-1.1.1.jar;C:\Users\Aske\.m2\repository\org\junit\platform\junit-platform-commons\1.3.1\junit-platform-commons-1.3.1.jar;C:\Users\Aske\.m2\repository\org\junit\jupiter\junit-jupiter-params\5.3.1\junit-jupiter-params-5.3.1.jar;C:\Users\Aske\.m2\repository\org\junit\jupiter\junit-jupiter-engine\5.3.1\junit-jupiter-engine-5.3.1.jar;C:\Users\Aske\.m2\repository\org\junit\platform\junit-platform-engine\1.3.1\junit-platform-engine-1.3.1.jar;C:\Users\Aske\.m2\repository\javax\javaee-web-api\7.0\javaee-web-api-7.0.jar;C:\Users\Aske\.m2\repository\com\google\code\gson\gson\2.8.5\gson-2.8.5.jar;"/>
    <property name="sun.cpu.endian" value="little"/>
    <property name="user.home" value="C:\Users\Aske"/>
    <property name="user.language" value="da"/>
    <property name="java.specification.vendor" value="Oracle Corporation"/>
    <property name="java.version.date" value="2019-07-16"/>
    <property name="java.home" value="C:\Program Files\Java\jdk-11.0.4"/>
    <property name="file.separator" value="\"/>
    <property name="basedir" value="C:\Users\Aske\Desktop\3SEMDAT\week1-simple-jpa-rest-master"/>
    <property name="java.vm.compressedOopsMode" value="32-bit"/>
    <property name="line.separator" value="&#10;"/>
    <property name="java.specification.name" value="Java Platform API Specification"/>
    <property name="java.vm.specification.vendor" value="Oracle Corporation"/>
    <property name="java.awt.graphicsenv" value="sun.awt.Win32GraphicsEnvironment"/>
    <property name="surefire.real.class.path" value="C:\Users\Aske\AppData\Local\Temp\surefire13876698372099832876\surefirebooter6132094854593713041.jar"/>
    <property name="user.script" value=""/>
    <property name="sun.management.compiler" value="HotSpot 64-Bit Tiered Compilers"/>
    <property name="java.runtime.version" value="11.0.4+10-LTS"/>
    <property name="user.name" value="Aske"/>
    <property name="path.separator" value=";"/>
    <property name="os.version" value="10.0"/>
    <property name="java.runtime.name" value="Java(TM) SE Runtime Environment"/>
    <property name="file.encoding" value="UTF-8"/>
    <property name="java.vm.name" value="Java HotSpot(TM) 64-Bit Server VM"/>
    <property name="java.vendor.version" value="18.9"/>
    <property name="maven.ext.class.path" value="C:\Program Files\NetBeans-11.2\netbeans\java\maven-nblib\netbeans-eventspy.jar"/>
    <property name="localRepository" value="C:\Users\Aske\.m2\repository"/>
    <property name="java.vendor.url.bug" value="http://bugreport.java.com/bugreport/"/>
    <property name="java.io.tmpdir" value="C:\Users\Aske\AppData\Local\Temp\"/>
    <property name="java.version" value="11.0.4"/>
    <property name="user.dir" value="C:\Users\Aske\Desktop\3SEMDAT\week1-simple-jpa-rest-master"/>
    <property name="os.arch" value="amd64"/>
    <property name="java.vm.specification.name" value="Java Virtual Machine Specification"/>
    <property name="java.awt.printerjob" value="sun.awt.windows.WPrinterJob"/>
    <property name="sun.os.patch.level" value=""/>
    <property name="java.library.path" value="C:\Program Files\Java\jdk-11.0.4\bin;C:\WINDOWS\Sun\Java\bin;C:\WINDOWS\system32;C:\WINDOWS;C:\Program Files\Java\jdk1.8.0_201\bin;C:\Program Files (x86)\Intel\iCLS Client\;C:\Program Files\Intel\iCLS Client\;C:\WINDOWS\system32;C:\WINDOWS;C:\WINDOWS\System32\Wbem;C:\WINDOWS\System32\WindowsPowerShell\v1.0\;C:\Program Files (x86)\Intel\Intel(R) Management Engine Components\DAL;C:\Program Files\Intel\Intel(R) Management Engine Components\DAL;C:\Program Files (x86)\Intel\Intel(R) Management Engine Components\IPT;C:\Program Files\Intel\Intel(R) Management Engine Components\IPT;C:\Program Files\Intel\WiFi\bin\;C:\Program Files\Common Files\Intel\WirelessCommon\;C:\Program Files (x86)\Skype\Phone\;C:\WINDOWS\System32\OpenSSH\;C:\Program Files\PuTTY\;C:\HashiCorp\Vagrant\bin;C:\Program Files\MySQL\MySQL Shell 8.0\bin\;C:\Users\Aske\AppData\Local\Microsoft\WindowsApps;C:\Program Files (x86)\apache-maven-3.6.3\bin;;."/>
    <property name="java.vendor" value="Oracle Corporation"/>
    <property name="java.vm.info" value="mixed mode"/>
    <property name="java.vm.version" value="11.0.4+10-LTS"/>
    <property name="sun.io.unicode.encoding" value="UnicodeLittle"/>
    <property name="java.class.version" value="55.0"/>
  </properties>
  <testcase name="testGetCustomerByID" classname="facades.FacadeExampleTest" time="0.171"/>
  <testcase name="testFindByName" classname="facades.FacadeExampleTest" time="0.404"/>
  <testcase name="testGetAllEmployee" classname="facades.FacadeExampleTest" time="0.039"/>
</testsuite>